<?xml version="1.0" encoding="UTF-8"?>
<!-- Generated by org.testng.reporters.JUnitReportReporter -->
<testsuite hostname="DESKTOP-1JG1K1D" failures="0" tests="1" name="com.PushpaTheRise.TestClasses.TC02VerifyReleaseDate" time="0.137" errors="0" timestamp="2022-03-13T19:22:29 IST" skipped="0">
  <testcase classname="com.PushpaTheRise.TestClasses.TC02VerifyReleaseDate" name="ReleseDate" time="0.137"/>
  <system-out/>
</testsuite> <!-- com.PushpaTheRise.TestClasses.TC02VerifyReleaseDate -->
