<?xml version="1.0" encoding="UTF-8"?>
<!-- Generated by org.testng.reporters.JUnitReportReporter -->
<testsuite hostname="DESKTOP-1JG1K1D" failures="0" tests="1" name="com.PushpaTheRise.TestClasses.BaseClass" time="6.405" errors="0" timestamp="2022-03-13T17:57:57 IST" skipped="0">
  <testcase classname="com.PushpaTheRise.TestClasses.BaseClass" name="Setup" time="6.405"/>
  <system-out/>
</testsuite> <!-- com.PushpaTheRise.TestClasses.BaseClass -->
