<?xml version="1.0" encoding="UTF-8"?>
<!-- Generated by org.testng.reporters.JUnitReportReporter -->
<testsuite hostname="DESKTOP-1JG1K1D" failures="0" tests="1" name="com.PushpaTheRise.TestClasses.TC01VerifyCountryName" time="0.046" errors="0" timestamp="2022-03-13T18:47:30 IST" skipped="0">
  <testcase classname="com.PushpaTheRise.TestClasses.TC01VerifyCountryName" name="CountryName" time="0.046"/>
  <system-out/>
</testsuite> <!-- com.PushpaTheRise.TestClasses.TC01VerifyCountryName -->
